ARM GAS  /tmp/ccEmMqkV.s 			page 1


   1              		.cpu cortex-m0
   2              		.eabi_attribute 20, 1
   3              		.eabi_attribute 21, 1
   4              		.eabi_attribute 23, 3
   5              		.eabi_attribute 24, 1
   6              		.eabi_attribute 25, 1
   7              		.eabi_attribute 26, 1
   8              		.eabi_attribute 30, 1
   9              		.eabi_attribute 34, 0
  10              		.eabi_attribute 18, 4
  11              		.file	"stm32f0xx_usart.c"
  12              		.text
  13              		.section	.text.USART_DeInit,"ax",%progbits
  14              		.align	1
  15              		.global	USART_DeInit
  16              		.syntax unified
  17              		.code	16
  18              		.thumb_func
  19              		.fpu softvfp
  21              	USART_DeInit:
  22              		@ args = 0, pretend = 0, frame = 0
  23              		@ frame_needed = 0, uses_anonymous_args = 0
  24 0000 10B5     		push	{r4, lr}
  25 0002 354B     		ldr	r3, .L18
  26 0004 9842     		cmp	r0, r3
  27 0006 15D0     		beq	.L10
  28 0008 344B     		ldr	r3, .L18+4
  29 000a 9842     		cmp	r0, r3
  30 000c 1DD0     		beq	.L11
  31 000e 344B     		ldr	r3, .L18+8
  32 0010 9842     		cmp	r0, r3
  33 0012 25D0     		beq	.L12
  34 0014 334B     		ldr	r3, .L18+12
  35 0016 9842     		cmp	r0, r3
  36 0018 2DD0     		beq	.L13
  37 001a 334B     		ldr	r3, .L18+16
  38 001c 9842     		cmp	r0, r3
  39 001e 35D0     		beq	.L14
  40 0020 324B     		ldr	r3, .L18+20
  41 0022 9842     		cmp	r0, r3
  42 0024 3DD0     		beq	.L15
  43 0026 324B     		ldr	r3, .L18+24
  44 0028 9842     		cmp	r0, r3
  45 002a 43D0     		beq	.L16
  46 002c 314B     		ldr	r3, .L18+28
  47 002e 9842     		cmp	r0, r3
  48 0030 49D0     		beq	.L17
  49              	.L1:
  50              		@ sp needed
  51 0032 10BD     		pop	{r4, pc}
  52              	.L10:
  53 0034 8024     		movs	r4, #128
  54 0036 E401     		lsls	r4, r4, #7
  55 0038 0121     		movs	r1, #1
  56 003a 2000     		movs	r0, r4
  57 003c FFF7FEFF 		bl	RCC_APB2PeriphResetCmd
  58 0040 0021     		movs	r1, #0
ARM GAS  /tmp/ccEmMqkV.s 			page 2


  59 0042 2000     		movs	r0, r4
  60 0044 FFF7FEFF 		bl	RCC_APB2PeriphResetCmd
  61 0048 F3E7     		b	.L1
  62              	.L11:
  63 004a 8024     		movs	r4, #128
  64 004c A402     		lsls	r4, r4, #10
  65 004e 0121     		movs	r1, #1
  66 0050 2000     		movs	r0, r4
  67 0052 FFF7FEFF 		bl	RCC_APB1PeriphResetCmd
  68 0056 0021     		movs	r1, #0
  69 0058 2000     		movs	r0, r4
  70 005a FFF7FEFF 		bl	RCC_APB1PeriphResetCmd
  71 005e E8E7     		b	.L1
  72              	.L12:
  73 0060 8024     		movs	r4, #128
  74 0062 E402     		lsls	r4, r4, #11
  75 0064 0121     		movs	r1, #1
  76 0066 2000     		movs	r0, r4
  77 0068 FFF7FEFF 		bl	RCC_APB1PeriphResetCmd
  78 006c 0021     		movs	r1, #0
  79 006e 2000     		movs	r0, r4
  80 0070 FFF7FEFF 		bl	RCC_APB1PeriphResetCmd
  81 0074 DDE7     		b	.L1
  82              	.L13:
  83 0076 8024     		movs	r4, #128
  84 0078 2403     		lsls	r4, r4, #12
  85 007a 0121     		movs	r1, #1
  86 007c 2000     		movs	r0, r4
  87 007e FFF7FEFF 		bl	RCC_APB1PeriphResetCmd
  88 0082 0021     		movs	r1, #0
  89 0084 2000     		movs	r0, r4
  90 0086 FFF7FEFF 		bl	RCC_APB1PeriphResetCmd
  91 008a D2E7     		b	.L1
  92              	.L14:
  93 008c 8024     		movs	r4, #128
  94 008e 6403     		lsls	r4, r4, #13
  95 0090 0121     		movs	r1, #1
  96 0092 2000     		movs	r0, r4
  97 0094 FFF7FEFF 		bl	RCC_APB1PeriphResetCmd
  98 0098 0021     		movs	r1, #0
  99 009a 2000     		movs	r0, r4
 100 009c FFF7FEFF 		bl	RCC_APB1PeriphResetCmd
 101 00a0 C7E7     		b	.L1
 102              	.L15:
 103 00a2 0121     		movs	r1, #1
 104 00a4 2020     		movs	r0, #32
 105 00a6 FFF7FEFF 		bl	RCC_APB2PeriphResetCmd
 106 00aa 0021     		movs	r1, #0
 107 00ac 2020     		movs	r0, #32
 108 00ae FFF7FEFF 		bl	RCC_APB2PeriphResetCmd
 109 00b2 BEE7     		b	.L1
 110              	.L16:
 111 00b4 0121     		movs	r1, #1
 112 00b6 4020     		movs	r0, #64
 113 00b8 FFF7FEFF 		bl	RCC_APB2PeriphResetCmd
 114 00bc 0021     		movs	r1, #0
 115 00be 4020     		movs	r0, #64
ARM GAS  /tmp/ccEmMqkV.s 			page 3


 116 00c0 FFF7FEFF 		bl	RCC_APB2PeriphResetCmd
 117 00c4 B5E7     		b	.L1
 118              	.L17:
 119 00c6 0121     		movs	r1, #1
 120 00c8 8020     		movs	r0, #128
 121 00ca FFF7FEFF 		bl	RCC_APB2PeriphResetCmd
 122 00ce 0021     		movs	r1, #0
 123 00d0 8020     		movs	r0, #128
 124 00d2 FFF7FEFF 		bl	RCC_APB2PeriphResetCmd
 125 00d6 ACE7     		b	.L1
 126              	.L19:
 127              		.align	2
 128              	.L18:
 129 00d8 00380140 		.word	1073821696
 130 00dc 00440040 		.word	1073759232
 131 00e0 00480040 		.word	1073760256
 132 00e4 004C0040 		.word	1073761280
 133 00e8 00500040 		.word	1073762304
 134 00ec 00140140 		.word	1073812480
 135 00f0 00180140 		.word	1073813504
 136 00f4 001C0140 		.word	1073814528
 138              		.global	__aeabi_uidiv
 139              		.global	__aeabi_uidivmod
 140              		.section	.text.USART_Init,"ax",%progbits
 141              		.align	1
 142              		.global	USART_Init
 143              		.syntax unified
 144              		.code	16
 145              		.thumb_func
 146              		.fpu softvfp
 148              	USART_Init:
 149              		@ args = 0, pretend = 0, frame = 48
 150              		@ frame_needed = 0, uses_anonymous_args = 0
 151 0000 F0B5     		push	{r4, r5, r6, r7, lr}
 152 0002 8DB0     		sub	sp, sp, #52
 153 0004 0400     		movs	r4, r0
 154 0006 0D00     		movs	r5, r1
 155 0008 0368     		ldr	r3, [r0]
 156 000a 0122     		movs	r2, #1
 157 000c 9343     		bics	r3, r2
 158 000e 0360     		str	r3, [r0]
 159 0010 4368     		ldr	r3, [r0, #4]
 160 0012 2A4A     		ldr	r2, .L32
 161 0014 1340     		ands	r3, r2
 162 0016 8A68     		ldr	r2, [r1, #8]
 163 0018 1343     		orrs	r3, r2
 164 001a 4360     		str	r3, [r0, #4]
 165 001c 0368     		ldr	r3, [r0]
 166 001e 284A     		ldr	r2, .L32+4
 167 0020 1A40     		ands	r2, r3
 168 0022 4B68     		ldr	r3, [r1, #4]
 169 0024 C968     		ldr	r1, [r1, #12]
 170 0026 0B43     		orrs	r3, r1
 171 0028 2969     		ldr	r1, [r5, #16]
 172 002a 0B43     		orrs	r3, r1
 173 002c 1343     		orrs	r3, r2
 174 002e 0360     		str	r3, [r0]
ARM GAS  /tmp/ccEmMqkV.s 			page 4


 175 0030 8368     		ldr	r3, [r0, #8]
 176 0032 244A     		ldr	r2, .L32+8
 177 0034 1340     		ands	r3, r2
 178 0036 6A69     		ldr	r2, [r5, #20]
 179 0038 1343     		orrs	r3, r2
 180 003a 8360     		str	r3, [r0, #8]
 181 003c 02A8     		add	r0, sp, #8
 182 003e FFF7FEFF 		bl	RCC_GetClocksFreq
 183 0042 214B     		ldr	r3, .L32+12
 184 0044 9C42     		cmp	r4, r3
 185 0046 27D0     		beq	.L29
 186 0048 204B     		ldr	r3, .L32+16
 187 004a 9C42     		cmp	r4, r3
 188 004c 26D0     		beq	.L30
 189 004e 204B     		ldr	r3, .L32+20
 190 0050 9C42     		cmp	r4, r3
 191 0052 25D0     		beq	.L31
 192 0054 049E     		ldr	r6, [sp, #16]
 193              	.L22:
 194 0056 2368     		ldr	r3, [r4]
 195 0058 1B04     		lsls	r3, r3, #16
 196 005a 23D5     		bpl	.L25
 197 005c 7600     		lsls	r6, r6, #1
 198 005e 2B68     		ldr	r3, [r5]
 199 0060 0193     		str	r3, [sp, #4]
 200 0062 1900     		movs	r1, r3
 201 0064 3000     		movs	r0, r6
 202 0066 FFF7FEFF 		bl	__aeabi_uidiv
 203 006a 0700     		movs	r7, r0
 204 006c 0199     		ldr	r1, [sp, #4]
 205 006e 3000     		movs	r0, r6
 206 0070 FFF7FEFF 		bl	__aeabi_uidivmod
 207              	.L26:
 208 0074 2B68     		ldr	r3, [r5]
 209 0076 5B08     		lsrs	r3, r3, #1
 210 0078 8B42     		cmp	r3, r1
 211 007a 00D8     		bhi	.L27
 212 007c 0137     		adds	r7, r7, #1
 213              	.L27:
 214 007e 2368     		ldr	r3, [r4]
 215 0080 1B04     		lsls	r3, r3, #16
 216 0082 05D5     		bpl	.L28
 217 0084 7A08     		lsrs	r2, r7, #1
 218 0086 0723     		movs	r3, #7
 219 0088 1340     		ands	r3, r2
 220 008a 124A     		ldr	r2, .L32+24
 221 008c 1740     		ands	r7, r2
 222 008e 1F43     		orrs	r7, r3
 223              	.L28:
 224 0090 BBB2     		uxth	r3, r7
 225 0092 A381     		strh	r3, [r4, #12]
 226 0094 0DB0     		add	sp, sp, #52
 227              		@ sp needed
 228 0096 F0BD     		pop	{r4, r5, r6, r7, pc}
 229              	.L29:
 230 0098 089E     		ldr	r6, [sp, #32]
 231 009a DCE7     		b	.L22
ARM GAS  /tmp/ccEmMqkV.s 			page 5


 232              	.L30:
 233 009c 099E     		ldr	r6, [sp, #36]
 234 009e DAE7     		b	.L22
 235              	.L31:
 236 00a0 0A9E     		ldr	r6, [sp, #40]
 237 00a2 D8E7     		b	.L22
 238              	.L25:
 239 00a4 2B68     		ldr	r3, [r5]
 240 00a6 0193     		str	r3, [sp, #4]
 241 00a8 1900     		movs	r1, r3
 242 00aa 3000     		movs	r0, r6
 243 00ac FFF7FEFF 		bl	__aeabi_uidiv
 244 00b0 0700     		movs	r7, r0
 245 00b2 0199     		ldr	r1, [sp, #4]
 246 00b4 3000     		movs	r0, r6
 247 00b6 FFF7FEFF 		bl	__aeabi_uidivmod
 248 00ba DBE7     		b	.L26
 249              	.L33:
 250              		.align	2
 251              	.L32:
 252 00bc FFCFFFFF 		.word	-12289
 253 00c0 F3E9FFFF 		.word	-5645
 254 00c4 FFFCFFFF 		.word	-769
 255 00c8 00380140 		.word	1073821696
 256 00cc 00440040 		.word	1073759232
 257 00d0 00480040 		.word	1073760256
 258 00d4 F0FF0000 		.word	65520
 260              		.section	.text.USART_StructInit,"ax",%progbits
 261              		.align	1
 262              		.global	USART_StructInit
 263              		.syntax unified
 264              		.code	16
 265              		.thumb_func
 266              		.fpu softvfp
 268              	USART_StructInit:
 269              		@ args = 0, pretend = 0, frame = 0
 270              		@ frame_needed = 0, uses_anonymous_args = 0
 271              		@ link register save eliminated.
 272 0000 9623     		movs	r3, #150
 273 0002 9B01     		lsls	r3, r3, #6
 274 0004 0360     		str	r3, [r0]
 275 0006 0023     		movs	r3, #0
 276 0008 4360     		str	r3, [r0, #4]
 277 000a 8360     		str	r3, [r0, #8]
 278 000c C360     		str	r3, [r0, #12]
 279 000e 0C22     		movs	r2, #12
 280 0010 0261     		str	r2, [r0, #16]
 281 0012 4361     		str	r3, [r0, #20]
 282              		@ sp needed
 283 0014 7047     		bx	lr
 285              		.section	.text.USART_ClockInit,"ax",%progbits
 286              		.align	1
 287              		.global	USART_ClockInit
 288              		.syntax unified
 289              		.code	16
 290              		.thumb_func
 291              		.fpu softvfp
ARM GAS  /tmp/ccEmMqkV.s 			page 6


 293              	USART_ClockInit:
 294              		@ args = 0, pretend = 0, frame = 0
 295              		@ frame_needed = 0, uses_anonymous_args = 0
 296 0000 10B5     		push	{r4, lr}
 297 0002 4368     		ldr	r3, [r0, #4]
 298 0004 054A     		ldr	r2, .L36
 299 0006 1A40     		ands	r2, r3
 300 0008 0B68     		ldr	r3, [r1]
 301 000a 4C68     		ldr	r4, [r1, #4]
 302 000c 2343     		orrs	r3, r4
 303 000e 8C68     		ldr	r4, [r1, #8]
 304 0010 2343     		orrs	r3, r4
 305 0012 C968     		ldr	r1, [r1, #12]
 306 0014 0B43     		orrs	r3, r1
 307 0016 1343     		orrs	r3, r2
 308 0018 4360     		str	r3, [r0, #4]
 309              		@ sp needed
 310 001a 10BD     		pop	{r4, pc}
 311              	.L37:
 312              		.align	2
 313              	.L36:
 314 001c FFF0FFFF 		.word	-3841
 316              		.section	.text.USART_ClockStructInit,"ax",%progbits
 317              		.align	1
 318              		.global	USART_ClockStructInit
 319              		.syntax unified
 320              		.code	16
 321              		.thumb_func
 322              		.fpu softvfp
 324              	USART_ClockStructInit:
 325              		@ args = 0, pretend = 0, frame = 0
 326              		@ frame_needed = 0, uses_anonymous_args = 0
 327              		@ link register save eliminated.
 328 0000 0023     		movs	r3, #0
 329 0002 0360     		str	r3, [r0]
 330 0004 4360     		str	r3, [r0, #4]
 331 0006 8360     		str	r3, [r0, #8]
 332 0008 C360     		str	r3, [r0, #12]
 333              		@ sp needed
 334 000a 7047     		bx	lr
 336              		.section	.text.USART_Cmd,"ax",%progbits
 337              		.align	1
 338              		.global	USART_Cmd
 339              		.syntax unified
 340              		.code	16
 341              		.thumb_func
 342              		.fpu softvfp
 344              	USART_Cmd:
 345              		@ args = 0, pretend = 0, frame = 0
 346              		@ frame_needed = 0, uses_anonymous_args = 0
 347              		@ link register save eliminated.
 348 0000 0029     		cmp	r1, #0
 349 0002 04D1     		bne	.L42
 350 0004 0368     		ldr	r3, [r0]
 351 0006 0122     		movs	r2, #1
 352 0008 9343     		bics	r3, r2
 353 000a 0360     		str	r3, [r0]
ARM GAS  /tmp/ccEmMqkV.s 			page 7


 354              	.L39:
 355              		@ sp needed
 356 000c 7047     		bx	lr
 357              	.L42:
 358 000e 0368     		ldr	r3, [r0]
 359 0010 0122     		movs	r2, #1
 360 0012 1343     		orrs	r3, r2
 361 0014 0360     		str	r3, [r0]
 362 0016 F9E7     		b	.L39
 364              		.section	.text.USART_DirectionModeCmd,"ax",%progbits
 365              		.align	1
 366              		.global	USART_DirectionModeCmd
 367              		.syntax unified
 368              		.code	16
 369              		.thumb_func
 370              		.fpu softvfp
 372              	USART_DirectionModeCmd:
 373              		@ args = 0, pretend = 0, frame = 0
 374              		@ frame_needed = 0, uses_anonymous_args = 0
 375              		@ link register save eliminated.
 376 0000 002A     		cmp	r2, #0
 377 0002 03D1     		bne	.L46
 378 0004 0368     		ldr	r3, [r0]
 379 0006 8B43     		bics	r3, r1
 380 0008 0360     		str	r3, [r0]
 381              	.L43:
 382              		@ sp needed
 383 000a 7047     		bx	lr
 384              	.L46:
 385 000c 0368     		ldr	r3, [r0]
 386 000e 1943     		orrs	r1, r3
 387 0010 0160     		str	r1, [r0]
 388 0012 FAE7     		b	.L43
 390              		.section	.text.USART_OverSampling8Cmd,"ax",%progbits
 391              		.align	1
 392              		.global	USART_OverSampling8Cmd
 393              		.syntax unified
 394              		.code	16
 395              		.thumb_func
 396              		.fpu softvfp
 398              	USART_OverSampling8Cmd:
 399              		@ args = 0, pretend = 0, frame = 0
 400              		@ frame_needed = 0, uses_anonymous_args = 0
 401              		@ link register save eliminated.
 402 0000 0029     		cmp	r1, #0
 403 0002 04D1     		bne	.L50
 404 0004 0368     		ldr	r3, [r0]
 405 0006 054A     		ldr	r2, .L51
 406 0008 1340     		ands	r3, r2
 407 000a 0360     		str	r3, [r0]
 408              	.L47:
 409              		@ sp needed
 410 000c 7047     		bx	lr
 411              	.L50:
 412 000e 0268     		ldr	r2, [r0]
 413 0010 8023     		movs	r3, #128
 414 0012 1B02     		lsls	r3, r3, #8
ARM GAS  /tmp/ccEmMqkV.s 			page 8


 415 0014 1343     		orrs	r3, r2
 416 0016 0360     		str	r3, [r0]
 417 0018 F8E7     		b	.L47
 418              	.L52:
 419 001a C046     		.align	2
 420              	.L51:
 421 001c FF7FFFFF 		.word	-32769
 423              		.section	.text.USART_OneBitMethodCmd,"ax",%progbits
 424              		.align	1
 425              		.global	USART_OneBitMethodCmd
 426              		.syntax unified
 427              		.code	16
 428              		.thumb_func
 429              		.fpu softvfp
 431              	USART_OneBitMethodCmd:
 432              		@ args = 0, pretend = 0, frame = 0
 433              		@ frame_needed = 0, uses_anonymous_args = 0
 434              		@ link register save eliminated.
 435 0000 0029     		cmp	r1, #0
 436 0002 04D1     		bne	.L56
 437 0004 8368     		ldr	r3, [r0, #8]
 438 0006 054A     		ldr	r2, .L57
 439 0008 1340     		ands	r3, r2
 440 000a 8360     		str	r3, [r0, #8]
 441              	.L53:
 442              		@ sp needed
 443 000c 7047     		bx	lr
 444              	.L56:
 445 000e 8268     		ldr	r2, [r0, #8]
 446 0010 8023     		movs	r3, #128
 447 0012 1B01     		lsls	r3, r3, #4
 448 0014 1343     		orrs	r3, r2
 449 0016 8360     		str	r3, [r0, #8]
 450 0018 F8E7     		b	.L53
 451              	.L58:
 452 001a C046     		.align	2
 453              	.L57:
 454 001c FFF7FFFF 		.word	-2049
 456              		.section	.text.USART_MSBFirstCmd,"ax",%progbits
 457              		.align	1
 458              		.global	USART_MSBFirstCmd
 459              		.syntax unified
 460              		.code	16
 461              		.thumb_func
 462              		.fpu softvfp
 464              	USART_MSBFirstCmd:
 465              		@ args = 0, pretend = 0, frame = 0
 466              		@ frame_needed = 0, uses_anonymous_args = 0
 467              		@ link register save eliminated.
 468 0000 0029     		cmp	r1, #0
 469 0002 04D1     		bne	.L62
 470 0004 4368     		ldr	r3, [r0, #4]
 471 0006 054A     		ldr	r2, .L63
 472 0008 1340     		ands	r3, r2
 473 000a 4360     		str	r3, [r0, #4]
 474              	.L59:
 475              		@ sp needed
ARM GAS  /tmp/ccEmMqkV.s 			page 9


 476 000c 7047     		bx	lr
 477              	.L62:
 478 000e 4268     		ldr	r2, [r0, #4]
 479 0010 8023     		movs	r3, #128
 480 0012 1B03     		lsls	r3, r3, #12
 481 0014 1343     		orrs	r3, r2
 482 0016 4360     		str	r3, [r0, #4]
 483 0018 F8E7     		b	.L59
 484              	.L64:
 485 001a C046     		.align	2
 486              	.L63:
 487 001c FFFFF7FF 		.word	-524289
 489              		.section	.text.USART_DataInvCmd,"ax",%progbits
 490              		.align	1
 491              		.global	USART_DataInvCmd
 492              		.syntax unified
 493              		.code	16
 494              		.thumb_func
 495              		.fpu softvfp
 497              	USART_DataInvCmd:
 498              		@ args = 0, pretend = 0, frame = 0
 499              		@ frame_needed = 0, uses_anonymous_args = 0
 500              		@ link register save eliminated.
 501 0000 0029     		cmp	r1, #0
 502 0002 04D1     		bne	.L68
 503 0004 4368     		ldr	r3, [r0, #4]
 504 0006 054A     		ldr	r2, .L69
 505 0008 1340     		ands	r3, r2
 506 000a 4360     		str	r3, [r0, #4]
 507              	.L65:
 508              		@ sp needed
 509 000c 7047     		bx	lr
 510              	.L68:
 511 000e 4268     		ldr	r2, [r0, #4]
 512 0010 8023     		movs	r3, #128
 513 0012 DB02     		lsls	r3, r3, #11
 514 0014 1343     		orrs	r3, r2
 515 0016 4360     		str	r3, [r0, #4]
 516 0018 F8E7     		b	.L65
 517              	.L70:
 518 001a C046     		.align	2
 519              	.L69:
 520 001c FFFFFBFF 		.word	-262145
 522              		.section	.text.USART_InvPinCmd,"ax",%progbits
 523              		.align	1
 524              		.global	USART_InvPinCmd
 525              		.syntax unified
 526              		.code	16
 527              		.thumb_func
 528              		.fpu softvfp
 530              	USART_InvPinCmd:
 531              		@ args = 0, pretend = 0, frame = 0
 532              		@ frame_needed = 0, uses_anonymous_args = 0
 533              		@ link register save eliminated.
 534 0000 002A     		cmp	r2, #0
 535 0002 03D1     		bne	.L74
 536 0004 4368     		ldr	r3, [r0, #4]
ARM GAS  /tmp/ccEmMqkV.s 			page 10


 537 0006 8B43     		bics	r3, r1
 538 0008 4360     		str	r3, [r0, #4]
 539              	.L71:
 540              		@ sp needed
 541 000a 7047     		bx	lr
 542              	.L74:
 543 000c 4368     		ldr	r3, [r0, #4]
 544 000e 1943     		orrs	r1, r3
 545 0010 4160     		str	r1, [r0, #4]
 546 0012 FAE7     		b	.L71
 548              		.section	.text.USART_SWAPPinCmd,"ax",%progbits
 549              		.align	1
 550              		.global	USART_SWAPPinCmd
 551              		.syntax unified
 552              		.code	16
 553              		.thumb_func
 554              		.fpu softvfp
 556              	USART_SWAPPinCmd:
 557              		@ args = 0, pretend = 0, frame = 0
 558              		@ frame_needed = 0, uses_anonymous_args = 0
 559              		@ link register save eliminated.
 560 0000 0029     		cmp	r1, #0
 561 0002 04D1     		bne	.L78
 562 0004 4368     		ldr	r3, [r0, #4]
 563 0006 054A     		ldr	r2, .L79
 564 0008 1340     		ands	r3, r2
 565 000a 4360     		str	r3, [r0, #4]
 566              	.L75:
 567              		@ sp needed
 568 000c 7047     		bx	lr
 569              	.L78:
 570 000e 4268     		ldr	r2, [r0, #4]
 571 0010 8023     		movs	r3, #128
 572 0012 1B02     		lsls	r3, r3, #8
 573 0014 1343     		orrs	r3, r2
 574 0016 4360     		str	r3, [r0, #4]
 575 0018 F8E7     		b	.L75
 576              	.L80:
 577 001a C046     		.align	2
 578              	.L79:
 579 001c FF7FFFFF 		.word	-32769
 581              		.section	.text.USART_ReceiverTimeOutCmd,"ax",%progbits
 582              		.align	1
 583              		.global	USART_ReceiverTimeOutCmd
 584              		.syntax unified
 585              		.code	16
 586              		.thumb_func
 587              		.fpu softvfp
 589              	USART_ReceiverTimeOutCmd:
 590              		@ args = 0, pretend = 0, frame = 0
 591              		@ frame_needed = 0, uses_anonymous_args = 0
 592              		@ link register save eliminated.
 593 0000 0029     		cmp	r1, #0
 594 0002 04D1     		bne	.L84
 595 0004 4368     		ldr	r3, [r0, #4]
 596 0006 054A     		ldr	r2, .L85
 597 0008 1340     		ands	r3, r2
ARM GAS  /tmp/ccEmMqkV.s 			page 11


 598 000a 4360     		str	r3, [r0, #4]
 599              	.L81:
 600              		@ sp needed
 601 000c 7047     		bx	lr
 602              	.L84:
 603 000e 4268     		ldr	r2, [r0, #4]
 604 0010 8023     		movs	r3, #128
 605 0012 1B04     		lsls	r3, r3, #16
 606 0014 1343     		orrs	r3, r2
 607 0016 4360     		str	r3, [r0, #4]
 608 0018 F8E7     		b	.L81
 609              	.L86:
 610 001a C046     		.align	2
 611              	.L85:
 612 001c FFFF7FFF 		.word	-8388609
 614              		.section	.text.USART_SetReceiverTimeOut,"ax",%progbits
 615              		.align	1
 616              		.global	USART_SetReceiverTimeOut
 617              		.syntax unified
 618              		.code	16
 619              		.thumb_func
 620              		.fpu softvfp
 622              	USART_SetReceiverTimeOut:
 623              		@ args = 0, pretend = 0, frame = 0
 624              		@ frame_needed = 0, uses_anonymous_args = 0
 625              		@ link register save eliminated.
 626 0000 4369     		ldr	r3, [r0, #20]
 627 0002 1B0E     		lsrs	r3, r3, #24
 628 0004 1B06     		lsls	r3, r3, #24
 629 0006 4361     		str	r3, [r0, #20]
 630 0008 4369     		ldr	r3, [r0, #20]
 631 000a 1943     		orrs	r1, r3
 632 000c 4161     		str	r1, [r0, #20]
 633              		@ sp needed
 634 000e 7047     		bx	lr
 636              		.section	.text.USART_SetPrescaler,"ax",%progbits
 637              		.align	1
 638              		.global	USART_SetPrescaler
 639              		.syntax unified
 640              		.code	16
 641              		.thumb_func
 642              		.fpu softvfp
 644              	USART_SetPrescaler:
 645              		@ args = 0, pretend = 0, frame = 0
 646              		@ frame_needed = 0, uses_anonymous_args = 0
 647              		@ link register save eliminated.
 648 0000 038A     		ldrh	r3, [r0, #16]
 649 0002 FF22     		movs	r2, #255
 650 0004 9343     		bics	r3, r2
 651 0006 0382     		strh	r3, [r0, #16]
 652 0008 038A     		ldrh	r3, [r0, #16]
 653 000a 1943     		orrs	r1, r3
 654 000c 0182     		strh	r1, [r0, #16]
 655              		@ sp needed
 656 000e 7047     		bx	lr
 658              		.section	.text.USART_STOPModeCmd,"ax",%progbits
 659              		.align	1
ARM GAS  /tmp/ccEmMqkV.s 			page 12


 660              		.global	USART_STOPModeCmd
 661              		.syntax unified
 662              		.code	16
 663              		.thumb_func
 664              		.fpu softvfp
 666              	USART_STOPModeCmd:
 667              		@ args = 0, pretend = 0, frame = 0
 668              		@ frame_needed = 0, uses_anonymous_args = 0
 669              		@ link register save eliminated.
 670 0000 0029     		cmp	r1, #0
 671 0002 04D1     		bne	.L92
 672 0004 0368     		ldr	r3, [r0]
 673 0006 0222     		movs	r2, #2
 674 0008 9343     		bics	r3, r2
 675 000a 0360     		str	r3, [r0]
 676              	.L89:
 677              		@ sp needed
 678 000c 7047     		bx	lr
 679              	.L92:
 680 000e 0368     		ldr	r3, [r0]
 681 0010 0222     		movs	r2, #2
 682 0012 1343     		orrs	r3, r2
 683 0014 0360     		str	r3, [r0]
 684 0016 F9E7     		b	.L89
 686              		.section	.text.USART_StopModeWakeUpSourceConfig,"ax",%progbits
 687              		.align	1
 688              		.global	USART_StopModeWakeUpSourceConfig
 689              		.syntax unified
 690              		.code	16
 691              		.thumb_func
 692              		.fpu softvfp
 694              	USART_StopModeWakeUpSourceConfig:
 695              		@ args = 0, pretend = 0, frame = 0
 696              		@ frame_needed = 0, uses_anonymous_args = 0
 697              		@ link register save eliminated.
 698 0000 8368     		ldr	r3, [r0, #8]
 699 0002 034A     		ldr	r2, .L94
 700 0004 1340     		ands	r3, r2
 701 0006 8360     		str	r3, [r0, #8]
 702 0008 8368     		ldr	r3, [r0, #8]
 703 000a 1943     		orrs	r1, r3
 704 000c 8160     		str	r1, [r0, #8]
 705              		@ sp needed
 706 000e 7047     		bx	lr
 707              	.L95:
 708              		.align	2
 709              	.L94:
 710 0010 FFFFCFFF 		.word	-3145729
 712              		.section	.text.USART_AutoBaudRateCmd,"ax",%progbits
 713              		.align	1
 714              		.global	USART_AutoBaudRateCmd
 715              		.syntax unified
 716              		.code	16
 717              		.thumb_func
 718              		.fpu softvfp
 720              	USART_AutoBaudRateCmd:
 721              		@ args = 0, pretend = 0, frame = 0
ARM GAS  /tmp/ccEmMqkV.s 			page 13


 722              		@ frame_needed = 0, uses_anonymous_args = 0
 723              		@ link register save eliminated.
 724 0000 0029     		cmp	r1, #0
 725 0002 04D1     		bne	.L99
 726 0004 4368     		ldr	r3, [r0, #4]
 727 0006 054A     		ldr	r2, .L100
 728 0008 1340     		ands	r3, r2
 729 000a 4360     		str	r3, [r0, #4]
 730              	.L96:
 731              		@ sp needed
 732 000c 7047     		bx	lr
 733              	.L99:
 734 000e 4268     		ldr	r2, [r0, #4]
 735 0010 8023     		movs	r3, #128
 736 0012 5B03     		lsls	r3, r3, #13
 737 0014 1343     		orrs	r3, r2
 738 0016 4360     		str	r3, [r0, #4]
 739 0018 F8E7     		b	.L96
 740              	.L101:
 741 001a C046     		.align	2
 742              	.L100:
 743 001c FFFFEFFF 		.word	-1048577
 745              		.section	.text.USART_AutoBaudRateConfig,"ax",%progbits
 746              		.align	1
 747              		.global	USART_AutoBaudRateConfig
 748              		.syntax unified
 749              		.code	16
 750              		.thumb_func
 751              		.fpu softvfp
 753              	USART_AutoBaudRateConfig:
 754              		@ args = 0, pretend = 0, frame = 0
 755              		@ frame_needed = 0, uses_anonymous_args = 0
 756              		@ link register save eliminated.
 757 0000 4368     		ldr	r3, [r0, #4]
 758 0002 034A     		ldr	r2, .L103
 759 0004 1340     		ands	r3, r2
 760 0006 4360     		str	r3, [r0, #4]
 761 0008 4368     		ldr	r3, [r0, #4]
 762 000a 1943     		orrs	r1, r3
 763 000c 4160     		str	r1, [r0, #4]
 764              		@ sp needed
 765 000e 7047     		bx	lr
 766              	.L104:
 767              		.align	2
 768              	.L103:
 769 0010 FFFF9FFF 		.word	-6291457
 771              		.section	.text.USART_SendData,"ax",%progbits
 772              		.align	1
 773              		.global	USART_SendData
 774              		.syntax unified
 775              		.code	16
 776              		.thumb_func
 777              		.fpu softvfp
 779              	USART_SendData:
 780              		@ args = 0, pretend = 0, frame = 0
 781              		@ frame_needed = 0, uses_anonymous_args = 0
 782              		@ link register save eliminated.
ARM GAS  /tmp/ccEmMqkV.s 			page 14


 783 0000 C905     		lsls	r1, r1, #23
 784 0002 C90D     		lsrs	r1, r1, #23
 785 0004 0185     		strh	r1, [r0, #40]
 786              		@ sp needed
 787 0006 7047     		bx	lr
 789              		.section	.text.USART_ReceiveData,"ax",%progbits
 790              		.align	1
 791              		.global	USART_ReceiveData
 792              		.syntax unified
 793              		.code	16
 794              		.thumb_func
 795              		.fpu softvfp
 797              	USART_ReceiveData:
 798              		@ args = 0, pretend = 0, frame = 0
 799              		@ frame_needed = 0, uses_anonymous_args = 0
 800              		@ link register save eliminated.
 801 0000 808C     		ldrh	r0, [r0, #36]
 802 0002 C005     		lsls	r0, r0, #23
 803 0004 C00D     		lsrs	r0, r0, #23
 804              		@ sp needed
 805 0006 7047     		bx	lr
 807              		.section	.text.USART_SetAddress,"ax",%progbits
 808              		.align	1
 809              		.global	USART_SetAddress
 810              		.syntax unified
 811              		.code	16
 812              		.thumb_func
 813              		.fpu softvfp
 815              	USART_SetAddress:
 816              		@ args = 0, pretend = 0, frame = 0
 817              		@ frame_needed = 0, uses_anonymous_args = 0
 818              		@ link register save eliminated.
 819 0000 4368     		ldr	r3, [r0, #4]
 820 0002 1B02     		lsls	r3, r3, #8
 821 0004 1B0A     		lsrs	r3, r3, #8
 822 0006 4360     		str	r3, [r0, #4]
 823 0008 4368     		ldr	r3, [r0, #4]
 824 000a 0906     		lsls	r1, r1, #24
 825 000c 1943     		orrs	r1, r3
 826 000e 4160     		str	r1, [r0, #4]
 827              		@ sp needed
 828 0010 7047     		bx	lr
 830              		.section	.text.USART_MuteModeCmd,"ax",%progbits
 831              		.align	1
 832              		.global	USART_MuteModeCmd
 833              		.syntax unified
 834              		.code	16
 835              		.thumb_func
 836              		.fpu softvfp
 838              	USART_MuteModeCmd:
 839              		@ args = 0, pretend = 0, frame = 0
 840              		@ frame_needed = 0, uses_anonymous_args = 0
 841              		@ link register save eliminated.
 842 0000 0029     		cmp	r1, #0
 843 0002 04D1     		bne	.L111
 844 0004 0368     		ldr	r3, [r0]
 845 0006 054A     		ldr	r2, .L112
ARM GAS  /tmp/ccEmMqkV.s 			page 15


 846 0008 1340     		ands	r3, r2
 847 000a 0360     		str	r3, [r0]
 848              	.L108:
 849              		@ sp needed
 850 000c 7047     		bx	lr
 851              	.L111:
 852 000e 0268     		ldr	r2, [r0]
 853 0010 8023     		movs	r3, #128
 854 0012 9B01     		lsls	r3, r3, #6
 855 0014 1343     		orrs	r3, r2
 856 0016 0360     		str	r3, [r0]
 857 0018 F8E7     		b	.L108
 858              	.L113:
 859 001a C046     		.align	2
 860              	.L112:
 861 001c FFDFFFFF 		.word	-8193
 863              		.section	.text.USART_MuteModeWakeUpConfig,"ax",%progbits
 864              		.align	1
 865              		.global	USART_MuteModeWakeUpConfig
 866              		.syntax unified
 867              		.code	16
 868              		.thumb_func
 869              		.fpu softvfp
 871              	USART_MuteModeWakeUpConfig:
 872              		@ args = 0, pretend = 0, frame = 0
 873              		@ frame_needed = 0, uses_anonymous_args = 0
 874              		@ link register save eliminated.
 875 0000 0368     		ldr	r3, [r0]
 876 0002 034A     		ldr	r2, .L115
 877 0004 1340     		ands	r3, r2
 878 0006 0360     		str	r3, [r0]
 879 0008 0368     		ldr	r3, [r0]
 880 000a 1943     		orrs	r1, r3
 881 000c 0160     		str	r1, [r0]
 882              		@ sp needed
 883 000e 7047     		bx	lr
 884              	.L116:
 885              		.align	2
 886              	.L115:
 887 0010 FFF7FFFF 		.word	-2049
 889              		.section	.text.USART_AddressDetectionConfig,"ax",%progbits
 890              		.align	1
 891              		.global	USART_AddressDetectionConfig
 892              		.syntax unified
 893              		.code	16
 894              		.thumb_func
 895              		.fpu softvfp
 897              	USART_AddressDetectionConfig:
 898              		@ args = 0, pretend = 0, frame = 0
 899              		@ frame_needed = 0, uses_anonymous_args = 0
 900              		@ link register save eliminated.
 901 0000 4368     		ldr	r3, [r0, #4]
 902 0002 1022     		movs	r2, #16
 903 0004 9343     		bics	r3, r2
 904 0006 4360     		str	r3, [r0, #4]
 905 0008 4368     		ldr	r3, [r0, #4]
 906 000a 1943     		orrs	r1, r3
ARM GAS  /tmp/ccEmMqkV.s 			page 16


 907 000c 4160     		str	r1, [r0, #4]
 908              		@ sp needed
 909 000e 7047     		bx	lr
 911              		.section	.text.USART_LINBreakDetectLengthConfig,"ax",%progbits
 912              		.align	1
 913              		.global	USART_LINBreakDetectLengthConfig
 914              		.syntax unified
 915              		.code	16
 916              		.thumb_func
 917              		.fpu softvfp
 919              	USART_LINBreakDetectLengthConfig:
 920              		@ args = 0, pretend = 0, frame = 0
 921              		@ frame_needed = 0, uses_anonymous_args = 0
 922              		@ link register save eliminated.
 923 0000 4368     		ldr	r3, [r0, #4]
 924 0002 2022     		movs	r2, #32
 925 0004 9343     		bics	r3, r2
 926 0006 4360     		str	r3, [r0, #4]
 927 0008 4368     		ldr	r3, [r0, #4]
 928 000a 1943     		orrs	r1, r3
 929 000c 4160     		str	r1, [r0, #4]
 930              		@ sp needed
 931 000e 7047     		bx	lr
 933              		.section	.text.USART_LINCmd,"ax",%progbits
 934              		.align	1
 935              		.global	USART_LINCmd
 936              		.syntax unified
 937              		.code	16
 938              		.thumb_func
 939              		.fpu softvfp
 941              	USART_LINCmd:
 942              		@ args = 0, pretend = 0, frame = 0
 943              		@ frame_needed = 0, uses_anonymous_args = 0
 944              		@ link register save eliminated.
 945 0000 0029     		cmp	r1, #0
 946 0002 04D1     		bne	.L122
 947 0004 4368     		ldr	r3, [r0, #4]
 948 0006 054A     		ldr	r2, .L123
 949 0008 1340     		ands	r3, r2
 950 000a 4360     		str	r3, [r0, #4]
 951              	.L119:
 952              		@ sp needed
 953 000c 7047     		bx	lr
 954              	.L122:
 955 000e 4268     		ldr	r2, [r0, #4]
 956 0010 8023     		movs	r3, #128
 957 0012 DB01     		lsls	r3, r3, #7
 958 0014 1343     		orrs	r3, r2
 959 0016 4360     		str	r3, [r0, #4]
 960 0018 F8E7     		b	.L119
 961              	.L124:
 962 001a C046     		.align	2
 963              	.L123:
 964 001c FFBFFFFF 		.word	-16385
 966              		.section	.text.USART_HalfDuplexCmd,"ax",%progbits
 967              		.align	1
 968              		.global	USART_HalfDuplexCmd
ARM GAS  /tmp/ccEmMqkV.s 			page 17


 969              		.syntax unified
 970              		.code	16
 971              		.thumb_func
 972              		.fpu softvfp
 974              	USART_HalfDuplexCmd:
 975              		@ args = 0, pretend = 0, frame = 0
 976              		@ frame_needed = 0, uses_anonymous_args = 0
 977              		@ link register save eliminated.
 978 0000 0029     		cmp	r1, #0
 979 0002 04D1     		bne	.L128
 980 0004 8368     		ldr	r3, [r0, #8]
 981 0006 0822     		movs	r2, #8
 982 0008 9343     		bics	r3, r2
 983 000a 8360     		str	r3, [r0, #8]
 984              	.L125:
 985              		@ sp needed
 986 000c 7047     		bx	lr
 987              	.L128:
 988 000e 8368     		ldr	r3, [r0, #8]
 989 0010 0822     		movs	r2, #8
 990 0012 1343     		orrs	r3, r2
 991 0014 8360     		str	r3, [r0, #8]
 992 0016 F9E7     		b	.L125
 994              		.section	.text.USART_SetGuardTime,"ax",%progbits
 995              		.align	1
 996              		.global	USART_SetGuardTime
 997              		.syntax unified
 998              		.code	16
 999              		.thumb_func
 1000              		.fpu softvfp
 1002              	USART_SetGuardTime:
 1003              		@ args = 0, pretend = 0, frame = 0
 1004              		@ frame_needed = 0, uses_anonymous_args = 0
 1005              		@ link register save eliminated.
 1006 0000 038A     		ldrh	r3, [r0, #16]
 1007 0002 FF22     		movs	r2, #255
 1008 0004 1340     		ands	r3, r2
 1009 0006 0382     		strh	r3, [r0, #16]
 1010 0008 038A     		ldrh	r3, [r0, #16]
 1011 000a 0902     		lsls	r1, r1, #8
 1012 000c 1943     		orrs	r1, r3
 1013 000e 0182     		strh	r1, [r0, #16]
 1014              		@ sp needed
 1015 0010 7047     		bx	lr
 1017              		.section	.text.USART_SmartCardCmd,"ax",%progbits
 1018              		.align	1
 1019              		.global	USART_SmartCardCmd
 1020              		.syntax unified
 1021              		.code	16
 1022              		.thumb_func
 1023              		.fpu softvfp
 1025              	USART_SmartCardCmd:
 1026              		@ args = 0, pretend = 0, frame = 0
 1027              		@ frame_needed = 0, uses_anonymous_args = 0
 1028              		@ link register save eliminated.
 1029 0000 0029     		cmp	r1, #0
 1030 0002 04D1     		bne	.L133
ARM GAS  /tmp/ccEmMqkV.s 			page 18


 1031 0004 8368     		ldr	r3, [r0, #8]
 1032 0006 2022     		movs	r2, #32
 1033 0008 9343     		bics	r3, r2
 1034 000a 8360     		str	r3, [r0, #8]
 1035              	.L130:
 1036              		@ sp needed
 1037 000c 7047     		bx	lr
 1038              	.L133:
 1039 000e 8368     		ldr	r3, [r0, #8]
 1040 0010 2022     		movs	r2, #32
 1041 0012 1343     		orrs	r3, r2
 1042 0014 8360     		str	r3, [r0, #8]
 1043 0016 F9E7     		b	.L130
 1045              		.section	.text.USART_SmartCardNACKCmd,"ax",%progbits
 1046              		.align	1
 1047              		.global	USART_SmartCardNACKCmd
 1048              		.syntax unified
 1049              		.code	16
 1050              		.thumb_func
 1051              		.fpu softvfp
 1053              	USART_SmartCardNACKCmd:
 1054              		@ args = 0, pretend = 0, frame = 0
 1055              		@ frame_needed = 0, uses_anonymous_args = 0
 1056              		@ link register save eliminated.
 1057 0000 0029     		cmp	r1, #0
 1058 0002 04D1     		bne	.L137
 1059 0004 8368     		ldr	r3, [r0, #8]
 1060 0006 1022     		movs	r2, #16
 1061 0008 9343     		bics	r3, r2
 1062 000a 8360     		str	r3, [r0, #8]
 1063              	.L134:
 1064              		@ sp needed
 1065 000c 7047     		bx	lr
 1066              	.L137:
 1067 000e 8368     		ldr	r3, [r0, #8]
 1068 0010 1022     		movs	r2, #16
 1069 0012 1343     		orrs	r3, r2
 1070 0014 8360     		str	r3, [r0, #8]
 1071 0016 F9E7     		b	.L134
 1073              		.section	.text.USART_SetAutoRetryCount,"ax",%progbits
 1074              		.align	1
 1075              		.global	USART_SetAutoRetryCount
 1076              		.syntax unified
 1077              		.code	16
 1078              		.thumb_func
 1079              		.fpu softvfp
 1081              	USART_SetAutoRetryCount:
 1082              		@ args = 0, pretend = 0, frame = 0
 1083              		@ frame_needed = 0, uses_anonymous_args = 0
 1084              		@ link register save eliminated.
 1085 0000 8368     		ldr	r3, [r0, #8]
 1086 0002 044A     		ldr	r2, .L139
 1087 0004 1340     		ands	r3, r2
 1088 0006 8360     		str	r3, [r0, #8]
 1089 0008 8368     		ldr	r3, [r0, #8]
 1090 000a 4904     		lsls	r1, r1, #17
 1091 000c 1943     		orrs	r1, r3
ARM GAS  /tmp/ccEmMqkV.s 			page 19


 1092 000e 8160     		str	r1, [r0, #8]
 1093              		@ sp needed
 1094 0010 7047     		bx	lr
 1095              	.L140:
 1096 0012 C046     		.align	2
 1097              	.L139:
 1098 0014 FFFFF1FF 		.word	-917505
 1100              		.section	.text.USART_SetBlockLength,"ax",%progbits
 1101              		.align	1
 1102              		.global	USART_SetBlockLength
 1103              		.syntax unified
 1104              		.code	16
 1105              		.thumb_func
 1106              		.fpu softvfp
 1108              	USART_SetBlockLength:
 1109              		@ args = 0, pretend = 0, frame = 0
 1110              		@ frame_needed = 0, uses_anonymous_args = 0
 1111              		@ link register save eliminated.
 1112 0000 4369     		ldr	r3, [r0, #20]
 1113 0002 1B02     		lsls	r3, r3, #8
 1114 0004 1B0A     		lsrs	r3, r3, #8
 1115 0006 4361     		str	r3, [r0, #20]
 1116 0008 4369     		ldr	r3, [r0, #20]
 1117 000a 0906     		lsls	r1, r1, #24
 1118 000c 1943     		orrs	r1, r3
 1119 000e 4161     		str	r1, [r0, #20]
 1120              		@ sp needed
 1121 0010 7047     		bx	lr
 1123              		.section	.text.USART_IrDAConfig,"ax",%progbits
 1124              		.align	1
 1125              		.global	USART_IrDAConfig
 1126              		.syntax unified
 1127              		.code	16
 1128              		.thumb_func
 1129              		.fpu softvfp
 1131              	USART_IrDAConfig:
 1132              		@ args = 0, pretend = 0, frame = 0
 1133              		@ frame_needed = 0, uses_anonymous_args = 0
 1134              		@ link register save eliminated.
 1135 0000 8368     		ldr	r3, [r0, #8]
 1136 0002 0422     		movs	r2, #4
 1137 0004 9343     		bics	r3, r2
 1138 0006 8360     		str	r3, [r0, #8]
 1139 0008 8368     		ldr	r3, [r0, #8]
 1140 000a 1943     		orrs	r1, r3
 1141 000c 8160     		str	r1, [r0, #8]
 1142              		@ sp needed
 1143 000e 7047     		bx	lr
 1145              		.section	.text.USART_IrDACmd,"ax",%progbits
 1146              		.align	1
 1147              		.global	USART_IrDACmd
 1148              		.syntax unified
 1149              		.code	16
 1150              		.thumb_func
 1151              		.fpu softvfp
 1153              	USART_IrDACmd:
 1154              		@ args = 0, pretend = 0, frame = 0
ARM GAS  /tmp/ccEmMqkV.s 			page 20


 1155              		@ frame_needed = 0, uses_anonymous_args = 0
 1156              		@ link register save eliminated.
 1157 0000 0029     		cmp	r1, #0
 1158 0002 04D1     		bne	.L146
 1159 0004 8368     		ldr	r3, [r0, #8]
 1160 0006 0222     		movs	r2, #2
 1161 0008 9343     		bics	r3, r2
 1162 000a 8360     		str	r3, [r0, #8]
 1163              	.L143:
 1164              		@ sp needed
 1165 000c 7047     		bx	lr
 1166              	.L146:
 1167 000e 8368     		ldr	r3, [r0, #8]
 1168 0010 0222     		movs	r2, #2
 1169 0012 1343     		orrs	r3, r2
 1170 0014 8360     		str	r3, [r0, #8]
 1171 0016 F9E7     		b	.L143
 1173              		.section	.text.USART_DECmd,"ax",%progbits
 1174              		.align	1
 1175              		.global	USART_DECmd
 1176              		.syntax unified
 1177              		.code	16
 1178              		.thumb_func
 1179              		.fpu softvfp
 1181              	USART_DECmd:
 1182              		@ args = 0, pretend = 0, frame = 0
 1183              		@ frame_needed = 0, uses_anonymous_args = 0
 1184              		@ link register save eliminated.
 1185 0000 0029     		cmp	r1, #0
 1186 0002 04D1     		bne	.L150
 1187 0004 8368     		ldr	r3, [r0, #8]
 1188 0006 054A     		ldr	r2, .L151
 1189 0008 1340     		ands	r3, r2
 1190 000a 8360     		str	r3, [r0, #8]
 1191              	.L147:
 1192              		@ sp needed
 1193 000c 7047     		bx	lr
 1194              	.L150:
 1195 000e 8268     		ldr	r2, [r0, #8]
 1196 0010 8023     		movs	r3, #128
 1197 0012 DB01     		lsls	r3, r3, #7
 1198 0014 1343     		orrs	r3, r2
 1199 0016 8360     		str	r3, [r0, #8]
 1200 0018 F8E7     		b	.L147
 1201              	.L152:
 1202 001a C046     		.align	2
 1203              	.L151:
 1204 001c FFBFFFFF 		.word	-16385
 1206              		.section	.text.USART_DEPolarityConfig,"ax",%progbits
 1207              		.align	1
 1208              		.global	USART_DEPolarityConfig
 1209              		.syntax unified
 1210              		.code	16
 1211              		.thumb_func
 1212              		.fpu softvfp
 1214              	USART_DEPolarityConfig:
 1215              		@ args = 0, pretend = 0, frame = 0
ARM GAS  /tmp/ccEmMqkV.s 			page 21


 1216              		@ frame_needed = 0, uses_anonymous_args = 0
 1217              		@ link register save eliminated.
 1218 0000 8368     		ldr	r3, [r0, #8]
 1219 0002 034A     		ldr	r2, .L154
 1220 0004 1340     		ands	r3, r2
 1221 0006 8360     		str	r3, [r0, #8]
 1222 0008 8368     		ldr	r3, [r0, #8]
 1223 000a 1943     		orrs	r1, r3
 1224 000c 8160     		str	r1, [r0, #8]
 1225              		@ sp needed
 1226 000e 7047     		bx	lr
 1227              	.L155:
 1228              		.align	2
 1229              	.L154:
 1230 0010 FF7FFFFF 		.word	-32769
 1232              		.section	.text.USART_SetDEAssertionTime,"ax",%progbits
 1233              		.align	1
 1234              		.global	USART_SetDEAssertionTime
 1235              		.syntax unified
 1236              		.code	16
 1237              		.thumb_func
 1238              		.fpu softvfp
 1240              	USART_SetDEAssertionTime:
 1241              		@ args = 0, pretend = 0, frame = 0
 1242              		@ frame_needed = 0, uses_anonymous_args = 0
 1243              		@ link register save eliminated.
 1244 0000 0368     		ldr	r3, [r0]
 1245 0002 044A     		ldr	r2, .L157
 1246 0004 1340     		ands	r3, r2
 1247 0006 0360     		str	r3, [r0]
 1248 0008 0368     		ldr	r3, [r0]
 1249 000a 4905     		lsls	r1, r1, #21
 1250 000c 1943     		orrs	r1, r3
 1251 000e 0160     		str	r1, [r0]
 1252              		@ sp needed
 1253 0010 7047     		bx	lr
 1254              	.L158:
 1255 0012 C046     		.align	2
 1256              	.L157:
 1257 0014 FFFF1FFC 		.word	-65011713
 1259              		.section	.text.USART_SetDEDeassertionTime,"ax",%progbits
 1260              		.align	1
 1261              		.global	USART_SetDEDeassertionTime
 1262              		.syntax unified
 1263              		.code	16
 1264              		.thumb_func
 1265              		.fpu softvfp
 1267              	USART_SetDEDeassertionTime:
 1268              		@ args = 0, pretend = 0, frame = 0
 1269              		@ frame_needed = 0, uses_anonymous_args = 0
 1270              		@ link register save eliminated.
 1271 0000 0368     		ldr	r3, [r0]
 1272 0002 044A     		ldr	r2, .L160
 1273 0004 1340     		ands	r3, r2
 1274 0006 0360     		str	r3, [r0]
 1275 0008 0368     		ldr	r3, [r0]
 1276 000a 0904     		lsls	r1, r1, #16
ARM GAS  /tmp/ccEmMqkV.s 			page 22


 1277 000c 1943     		orrs	r1, r3
 1278 000e 0160     		str	r1, [r0]
 1279              		@ sp needed
 1280 0010 7047     		bx	lr
 1281              	.L161:
 1282 0012 C046     		.align	2
 1283              	.L160:
 1284 0014 FFFFE0FF 		.word	-2031617
 1286              		.section	.text.USART_DMACmd,"ax",%progbits
 1287              		.align	1
 1288              		.global	USART_DMACmd
 1289              		.syntax unified
 1290              		.code	16
 1291              		.thumb_func
 1292              		.fpu softvfp
 1294              	USART_DMACmd:
 1295              		@ args = 0, pretend = 0, frame = 0
 1296              		@ frame_needed = 0, uses_anonymous_args = 0
 1297              		@ link register save eliminated.
 1298 0000 002A     		cmp	r2, #0
 1299 0002 03D1     		bne	.L165
 1300 0004 8368     		ldr	r3, [r0, #8]
 1301 0006 8B43     		bics	r3, r1
 1302 0008 8360     		str	r3, [r0, #8]
 1303              	.L162:
 1304              		@ sp needed
 1305 000a 7047     		bx	lr
 1306              	.L165:
 1307 000c 8368     		ldr	r3, [r0, #8]
 1308 000e 1943     		orrs	r1, r3
 1309 0010 8160     		str	r1, [r0, #8]
 1310 0012 FAE7     		b	.L162
 1312              		.section	.text.USART_DMAReceptionErrorConfig,"ax",%progbits
 1313              		.align	1
 1314              		.global	USART_DMAReceptionErrorConfig
 1315              		.syntax unified
 1316              		.code	16
 1317              		.thumb_func
 1318              		.fpu softvfp
 1320              	USART_DMAReceptionErrorConfig:
 1321              		@ args = 0, pretend = 0, frame = 0
 1322              		@ frame_needed = 0, uses_anonymous_args = 0
 1323              		@ link register save eliminated.
 1324 0000 8368     		ldr	r3, [r0, #8]
 1325 0002 034A     		ldr	r2, .L167
 1326 0004 1340     		ands	r3, r2
 1327 0006 8360     		str	r3, [r0, #8]
 1328 0008 8368     		ldr	r3, [r0, #8]
 1329 000a 1943     		orrs	r1, r3
 1330 000c 8160     		str	r1, [r0, #8]
 1331              		@ sp needed
 1332 000e 7047     		bx	lr
 1333              	.L168:
 1334              		.align	2
 1335              	.L167:
 1336 0010 FFDFFFFF 		.word	-8193
 1338              		.section	.text.USART_ITConfig,"ax",%progbits
ARM GAS  /tmp/ccEmMqkV.s 			page 23


 1339              		.align	1
 1340              		.global	USART_ITConfig
 1341              		.syntax unified
 1342              		.code	16
 1343              		.thumb_func
 1344              		.fpu softvfp
 1346              	USART_ITConfig:
 1347              		@ args = 0, pretend = 0, frame = 0
 1348              		@ frame_needed = 0, uses_anonymous_args = 0
 1349 0000 30B5     		push	{r4, r5, lr}
 1350 0002 0500     		movs	r5, r0
 1351 0004 8BB2     		uxth	r3, r1
 1352 0006 1B0A     		lsrs	r3, r3, #8
 1353 0008 FF24     		movs	r4, #255
 1354 000a 0C40     		ands	r4, r1
 1355 000c 0121     		movs	r1, #1
 1356 000e A140     		lsls	r1, r1, r4
 1357 0010 022B     		cmp	r3, #2
 1358 0012 07D0     		beq	.L174
 1359 0014 032B     		cmp	r3, #3
 1360 0016 07D0     		beq	.L175
 1361              	.L171:
 1362 0018 002A     		cmp	r2, #0
 1363 001a 08D1     		bne	.L176
 1364 001c 2B68     		ldr	r3, [r5]
 1365 001e 8B43     		bics	r3, r1
 1366 0020 2B60     		str	r3, [r5]
 1367              	.L169:
 1368              		@ sp needed
 1369 0022 30BD     		pop	{r4, r5, pc}
 1370              	.L174:
 1371 0024 051D     		adds	r5, r0, #4
 1372 0026 F7E7     		b	.L171
 1373              	.L175:
 1374 0028 0830     		adds	r0, r0, #8
 1375 002a 0500     		movs	r5, r0
 1376 002c F4E7     		b	.L171
 1377              	.L176:
 1378 002e 2B68     		ldr	r3, [r5]
 1379 0030 1943     		orrs	r1, r3
 1380 0032 2960     		str	r1, [r5]
 1381 0034 F5E7     		b	.L169
 1383              		.section	.text.USART_RequestCmd,"ax",%progbits
 1384              		.align	1
 1385              		.global	USART_RequestCmd
 1386              		.syntax unified
 1387              		.code	16
 1388              		.thumb_func
 1389              		.fpu softvfp
 1391              	USART_RequestCmd:
 1392              		@ args = 0, pretend = 0, frame = 0
 1393              		@ frame_needed = 0, uses_anonymous_args = 0
 1394              		@ link register save eliminated.
 1395 0000 002A     		cmp	r2, #0
 1396 0002 03D1     		bne	.L180
 1397 0004 038B     		ldrh	r3, [r0, #24]
 1398 0006 8B43     		bics	r3, r1
ARM GAS  /tmp/ccEmMqkV.s 			page 24


 1399 0008 0383     		strh	r3, [r0, #24]
 1400              	.L177:
 1401              		@ sp needed
 1402 000a 7047     		bx	lr
 1403              	.L180:
 1404 000c 038B     		ldrh	r3, [r0, #24]
 1405 000e 1943     		orrs	r1, r3
 1406 0010 89B2     		uxth	r1, r1
 1407 0012 0183     		strh	r1, [r0, #24]
 1408 0014 F9E7     		b	.L177
 1410              		.section	.text.USART_OverrunDetectionConfig,"ax",%progbits
 1411              		.align	1
 1412              		.global	USART_OverrunDetectionConfig
 1413              		.syntax unified
 1414              		.code	16
 1415              		.thumb_func
 1416              		.fpu softvfp
 1418              	USART_OverrunDetectionConfig:
 1419              		@ args = 0, pretend = 0, frame = 0
 1420              		@ frame_needed = 0, uses_anonymous_args = 0
 1421              		@ link register save eliminated.
 1422 0000 8368     		ldr	r3, [r0, #8]
 1423 0002 034A     		ldr	r2, .L182
 1424 0004 1340     		ands	r3, r2
 1425 0006 8360     		str	r3, [r0, #8]
 1426 0008 8368     		ldr	r3, [r0, #8]
 1427 000a 1943     		orrs	r1, r3
 1428 000c 8160     		str	r1, [r0, #8]
 1429              		@ sp needed
 1430 000e 7047     		bx	lr
 1431              	.L183:
 1432              		.align	2
 1433              	.L182:
 1434 0010 FFEFFFFF 		.word	-4097
 1436              		.section	.text.USART_GetFlagStatus,"ax",%progbits
 1437              		.align	1
 1438              		.global	USART_GetFlagStatus
 1439              		.syntax unified
 1440              		.code	16
 1441              		.thumb_func
 1442              		.fpu softvfp
 1444              	USART_GetFlagStatus:
 1445              		@ args = 0, pretend = 0, frame = 0
 1446              		@ frame_needed = 0, uses_anonymous_args = 0
 1447              		@ link register save eliminated.
 1448 0000 C369     		ldr	r3, [r0, #28]
 1449 0002 1942     		tst	r1, r3
 1450 0004 01D1     		bne	.L187
 1451 0006 0020     		movs	r0, #0
 1452              	.L185:
 1453              		@ sp needed
 1454 0008 7047     		bx	lr
 1455              	.L187:
 1456 000a 0120     		movs	r0, #1
 1457 000c FCE7     		b	.L185
 1459              		.section	.text.USART_ClearFlag,"ax",%progbits
 1460              		.align	1
ARM GAS  /tmp/ccEmMqkV.s 			page 25


 1461              		.global	USART_ClearFlag
 1462              		.syntax unified
 1463              		.code	16
 1464              		.thumb_func
 1465              		.fpu softvfp
 1467              	USART_ClearFlag:
 1468              		@ args = 0, pretend = 0, frame = 0
 1469              		@ frame_needed = 0, uses_anonymous_args = 0
 1470              		@ link register save eliminated.
 1471 0000 0162     		str	r1, [r0, #32]
 1472              		@ sp needed
 1473 0002 7047     		bx	lr
 1475              		.section	.text.USART_GetITStatus,"ax",%progbits
 1476              		.align	1
 1477              		.global	USART_GetITStatus
 1478              		.syntax unified
 1479              		.code	16
 1480              		.thumb_func
 1481              		.fpu softvfp
 1483              	USART_GetITStatus:
 1484              		@ args = 0, pretend = 0, frame = 0
 1485              		@ frame_needed = 0, uses_anonymous_args = 0
 1486 0000 10B5     		push	{r4, lr}
 1487 0002 8AB2     		uxth	r2, r1
 1488 0004 120A     		lsrs	r2, r2, #8
 1489 0006 FF24     		movs	r4, #255
 1490 0008 0C40     		ands	r4, r1
 1491 000a 0123     		movs	r3, #1
 1492 000c A340     		lsls	r3, r3, r4
 1493 000e 012A     		cmp	r2, #1
 1494 0010 0ED0     		beq	.L196
 1495 0012 022A     		cmp	r2, #2
 1496 0014 0FD0     		beq	.L197
 1497 0016 8268     		ldr	r2, [r0, #8]
 1498 0018 1340     		ands	r3, r2
 1499              	.L191:
 1500 001a 090C     		lsrs	r1, r1, #16
 1501 001c 0122     		movs	r2, #1
 1502 001e 8A40     		lsls	r2, r2, r1
 1503 0020 C169     		ldr	r1, [r0, #28]
 1504 0022 0A40     		ands	r2, r1
 1505 0024 002B     		cmp	r3, #0
 1506 0026 09D0     		beq	.L194
 1507 0028 002A     		cmp	r2, #0
 1508 002a 09D1     		bne	.L195
 1509 002c 0020     		movs	r0, #0
 1510 002e 06E0     		b	.L193
 1511              	.L196:
 1512 0030 0268     		ldr	r2, [r0]
 1513 0032 1340     		ands	r3, r2
 1514 0034 F1E7     		b	.L191
 1515              	.L197:
 1516 0036 4268     		ldr	r2, [r0, #4]
 1517 0038 1340     		ands	r3, r2
 1518 003a EEE7     		b	.L191
 1519              	.L194:
 1520 003c 0020     		movs	r0, #0
ARM GAS  /tmp/ccEmMqkV.s 			page 26


 1521              	.L193:
 1522              		@ sp needed
 1523 003e 10BD     		pop	{r4, pc}
 1524              	.L195:
 1525 0040 0120     		movs	r0, #1
 1526 0042 FCE7     		b	.L193
 1528              		.section	.text.USART_ClearITPendingBit,"ax",%progbits
 1529              		.align	1
 1530              		.global	USART_ClearITPendingBit
 1531              		.syntax unified
 1532              		.code	16
 1533              		.thumb_func
 1534              		.fpu softvfp
 1536              	USART_ClearITPendingBit:
 1537              		@ args = 0, pretend = 0, frame = 0
 1538              		@ frame_needed = 0, uses_anonymous_args = 0
 1539              		@ link register save eliminated.
 1540 0000 090C     		lsrs	r1, r1, #16
 1541 0002 0123     		movs	r3, #1
 1542 0004 8B40     		lsls	r3, r3, r1
 1543 0006 0362     		str	r3, [r0, #32]
 1544              		@ sp needed
 1545 0008 7047     		bx	lr
 1547              		.ident	"GCC: (GNU Tools for Arm Embedded Processors 7-2018-q3-update) 7.3.1 20180622 (release) [AR
ARM GAS  /tmp/ccEmMqkV.s 			page 27


DEFINED SYMBOLS
                            *ABS*:00000000 stm32f0xx_usart.c
     /tmp/ccEmMqkV.s:14     .text.USART_DeInit:00000000 $t
     /tmp/ccEmMqkV.s:21     .text.USART_DeInit:00000000 USART_DeInit
     /tmp/ccEmMqkV.s:129    .text.USART_DeInit:000000d8 $d
     /tmp/ccEmMqkV.s:141    .text.USART_Init:00000000 $t
     /tmp/ccEmMqkV.s:148    .text.USART_Init:00000000 USART_Init
     /tmp/ccEmMqkV.s:252    .text.USART_Init:000000bc $d
     /tmp/ccEmMqkV.s:261    .text.USART_StructInit:00000000 $t
     /tmp/ccEmMqkV.s:268    .text.USART_StructInit:00000000 USART_StructInit
     /tmp/ccEmMqkV.s:286    .text.USART_ClockInit:00000000 $t
     /tmp/ccEmMqkV.s:293    .text.USART_ClockInit:00000000 USART_ClockInit
     /tmp/ccEmMqkV.s:314    .text.USART_ClockInit:0000001c $d
     /tmp/ccEmMqkV.s:317    .text.USART_ClockStructInit:00000000 $t
     /tmp/ccEmMqkV.s:324    .text.USART_ClockStructInit:00000000 USART_ClockStructInit
     /tmp/ccEmMqkV.s:337    .text.USART_Cmd:00000000 $t
     /tmp/ccEmMqkV.s:344    .text.USART_Cmd:00000000 USART_Cmd
     /tmp/ccEmMqkV.s:365    .text.USART_DirectionModeCmd:00000000 $t
     /tmp/ccEmMqkV.s:372    .text.USART_DirectionModeCmd:00000000 USART_DirectionModeCmd
     /tmp/ccEmMqkV.s:391    .text.USART_OverSampling8Cmd:00000000 $t
     /tmp/ccEmMqkV.s:398    .text.USART_OverSampling8Cmd:00000000 USART_OverSampling8Cmd
     /tmp/ccEmMqkV.s:421    .text.USART_OverSampling8Cmd:0000001c $d
     /tmp/ccEmMqkV.s:424    .text.USART_OneBitMethodCmd:00000000 $t
     /tmp/ccEmMqkV.s:431    .text.USART_OneBitMethodCmd:00000000 USART_OneBitMethodCmd
     /tmp/ccEmMqkV.s:454    .text.USART_OneBitMethodCmd:0000001c $d
     /tmp/ccEmMqkV.s:457    .text.USART_MSBFirstCmd:00000000 $t
     /tmp/ccEmMqkV.s:464    .text.USART_MSBFirstCmd:00000000 USART_MSBFirstCmd
     /tmp/ccEmMqkV.s:487    .text.USART_MSBFirstCmd:0000001c $d
     /tmp/ccEmMqkV.s:490    .text.USART_DataInvCmd:00000000 $t
     /tmp/ccEmMqkV.s:497    .text.USART_DataInvCmd:00000000 USART_DataInvCmd
     /tmp/ccEmMqkV.s:520    .text.USART_DataInvCmd:0000001c $d
     /tmp/ccEmMqkV.s:523    .text.USART_InvPinCmd:00000000 $t
     /tmp/ccEmMqkV.s:530    .text.USART_InvPinCmd:00000000 USART_InvPinCmd
     /tmp/ccEmMqkV.s:549    .text.USART_SWAPPinCmd:00000000 $t
     /tmp/ccEmMqkV.s:556    .text.USART_SWAPPinCmd:00000000 USART_SWAPPinCmd
     /tmp/ccEmMqkV.s:579    .text.USART_SWAPPinCmd:0000001c $d
     /tmp/ccEmMqkV.s:582    .text.USART_ReceiverTimeOutCmd:00000000 $t
     /tmp/ccEmMqkV.s:589    .text.USART_ReceiverTimeOutCmd:00000000 USART_ReceiverTimeOutCmd
     /tmp/ccEmMqkV.s:612    .text.USART_ReceiverTimeOutCmd:0000001c $d
     /tmp/ccEmMqkV.s:615    .text.USART_SetReceiverTimeOut:00000000 $t
     /tmp/ccEmMqkV.s:622    .text.USART_SetReceiverTimeOut:00000000 USART_SetReceiverTimeOut
     /tmp/ccEmMqkV.s:637    .text.USART_SetPrescaler:00000000 $t
     /tmp/ccEmMqkV.s:644    .text.USART_SetPrescaler:00000000 USART_SetPrescaler
     /tmp/ccEmMqkV.s:659    .text.USART_STOPModeCmd:00000000 $t
     /tmp/ccEmMqkV.s:666    .text.USART_STOPModeCmd:00000000 USART_STOPModeCmd
     /tmp/ccEmMqkV.s:687    .text.USART_StopModeWakeUpSourceConfig:00000000 $t
     /tmp/ccEmMqkV.s:694    .text.USART_StopModeWakeUpSourceConfig:00000000 USART_StopModeWakeUpSourceConfig
     /tmp/ccEmMqkV.s:710    .text.USART_StopModeWakeUpSourceConfig:00000010 $d
     /tmp/ccEmMqkV.s:713    .text.USART_AutoBaudRateCmd:00000000 $t
     /tmp/ccEmMqkV.s:720    .text.USART_AutoBaudRateCmd:00000000 USART_AutoBaudRateCmd
     /tmp/ccEmMqkV.s:743    .text.USART_AutoBaudRateCmd:0000001c $d
     /tmp/ccEmMqkV.s:746    .text.USART_AutoBaudRateConfig:00000000 $t
     /tmp/ccEmMqkV.s:753    .text.USART_AutoBaudRateConfig:00000000 USART_AutoBaudRateConfig
     /tmp/ccEmMqkV.s:769    .text.USART_AutoBaudRateConfig:00000010 $d
     /tmp/ccEmMqkV.s:772    .text.USART_SendData:00000000 $t
     /tmp/ccEmMqkV.s:779    .text.USART_SendData:00000000 USART_SendData
     /tmp/ccEmMqkV.s:790    .text.USART_ReceiveData:00000000 $t
ARM GAS  /tmp/ccEmMqkV.s 			page 28


     /tmp/ccEmMqkV.s:797    .text.USART_ReceiveData:00000000 USART_ReceiveData
     /tmp/ccEmMqkV.s:808    .text.USART_SetAddress:00000000 $t
     /tmp/ccEmMqkV.s:815    .text.USART_SetAddress:00000000 USART_SetAddress
     /tmp/ccEmMqkV.s:831    .text.USART_MuteModeCmd:00000000 $t
     /tmp/ccEmMqkV.s:838    .text.USART_MuteModeCmd:00000000 USART_MuteModeCmd
     /tmp/ccEmMqkV.s:861    .text.USART_MuteModeCmd:0000001c $d
     /tmp/ccEmMqkV.s:864    .text.USART_MuteModeWakeUpConfig:00000000 $t
     /tmp/ccEmMqkV.s:871    .text.USART_MuteModeWakeUpConfig:00000000 USART_MuteModeWakeUpConfig
     /tmp/ccEmMqkV.s:887    .text.USART_MuteModeWakeUpConfig:00000010 $d
     /tmp/ccEmMqkV.s:890    .text.USART_AddressDetectionConfig:00000000 $t
     /tmp/ccEmMqkV.s:897    .text.USART_AddressDetectionConfig:00000000 USART_AddressDetectionConfig
     /tmp/ccEmMqkV.s:912    .text.USART_LINBreakDetectLengthConfig:00000000 $t
     /tmp/ccEmMqkV.s:919    .text.USART_LINBreakDetectLengthConfig:00000000 USART_LINBreakDetectLengthConfig
     /tmp/ccEmMqkV.s:934    .text.USART_LINCmd:00000000 $t
     /tmp/ccEmMqkV.s:941    .text.USART_LINCmd:00000000 USART_LINCmd
     /tmp/ccEmMqkV.s:964    .text.USART_LINCmd:0000001c $d
     /tmp/ccEmMqkV.s:967    .text.USART_HalfDuplexCmd:00000000 $t
     /tmp/ccEmMqkV.s:974    .text.USART_HalfDuplexCmd:00000000 USART_HalfDuplexCmd
     /tmp/ccEmMqkV.s:995    .text.USART_SetGuardTime:00000000 $t
     /tmp/ccEmMqkV.s:1002   .text.USART_SetGuardTime:00000000 USART_SetGuardTime
     /tmp/ccEmMqkV.s:1018   .text.USART_SmartCardCmd:00000000 $t
     /tmp/ccEmMqkV.s:1025   .text.USART_SmartCardCmd:00000000 USART_SmartCardCmd
     /tmp/ccEmMqkV.s:1046   .text.USART_SmartCardNACKCmd:00000000 $t
     /tmp/ccEmMqkV.s:1053   .text.USART_SmartCardNACKCmd:00000000 USART_SmartCardNACKCmd
     /tmp/ccEmMqkV.s:1074   .text.USART_SetAutoRetryCount:00000000 $t
     /tmp/ccEmMqkV.s:1081   .text.USART_SetAutoRetryCount:00000000 USART_SetAutoRetryCount
     /tmp/ccEmMqkV.s:1098   .text.USART_SetAutoRetryCount:00000014 $d
     /tmp/ccEmMqkV.s:1101   .text.USART_SetBlockLength:00000000 $t
     /tmp/ccEmMqkV.s:1108   .text.USART_SetBlockLength:00000000 USART_SetBlockLength
     /tmp/ccEmMqkV.s:1124   .text.USART_IrDAConfig:00000000 $t
     /tmp/ccEmMqkV.s:1131   .text.USART_IrDAConfig:00000000 USART_IrDAConfig
     /tmp/ccEmMqkV.s:1146   .text.USART_IrDACmd:00000000 $t
     /tmp/ccEmMqkV.s:1153   .text.USART_IrDACmd:00000000 USART_IrDACmd
     /tmp/ccEmMqkV.s:1174   .text.USART_DECmd:00000000 $t
     /tmp/ccEmMqkV.s:1181   .text.USART_DECmd:00000000 USART_DECmd
     /tmp/ccEmMqkV.s:1204   .text.USART_DECmd:0000001c $d
     /tmp/ccEmMqkV.s:1207   .text.USART_DEPolarityConfig:00000000 $t
     /tmp/ccEmMqkV.s:1214   .text.USART_DEPolarityConfig:00000000 USART_DEPolarityConfig
     /tmp/ccEmMqkV.s:1230   .text.USART_DEPolarityConfig:00000010 $d
     /tmp/ccEmMqkV.s:1233   .text.USART_SetDEAssertionTime:00000000 $t
     /tmp/ccEmMqkV.s:1240   .text.USART_SetDEAssertionTime:00000000 USART_SetDEAssertionTime
     /tmp/ccEmMqkV.s:1257   .text.USART_SetDEAssertionTime:00000014 $d
     /tmp/ccEmMqkV.s:1260   .text.USART_SetDEDeassertionTime:00000000 $t
     /tmp/ccEmMqkV.s:1267   .text.USART_SetDEDeassertionTime:00000000 USART_SetDEDeassertionTime
     /tmp/ccEmMqkV.s:1284   .text.USART_SetDEDeassertionTime:00000014 $d
     /tmp/ccEmMqkV.s:1287   .text.USART_DMACmd:00000000 $t
     /tmp/ccEmMqkV.s:1294   .text.USART_DMACmd:00000000 USART_DMACmd
     /tmp/ccEmMqkV.s:1313   .text.USART_DMAReceptionErrorConfig:00000000 $t
     /tmp/ccEmMqkV.s:1320   .text.USART_DMAReceptionErrorConfig:00000000 USART_DMAReceptionErrorConfig
     /tmp/ccEmMqkV.s:1336   .text.USART_DMAReceptionErrorConfig:00000010 $d
     /tmp/ccEmMqkV.s:1339   .text.USART_ITConfig:00000000 $t
     /tmp/ccEmMqkV.s:1346   .text.USART_ITConfig:00000000 USART_ITConfig
     /tmp/ccEmMqkV.s:1384   .text.USART_RequestCmd:00000000 $t
     /tmp/ccEmMqkV.s:1391   .text.USART_RequestCmd:00000000 USART_RequestCmd
     /tmp/ccEmMqkV.s:1411   .text.USART_OverrunDetectionConfig:00000000 $t
     /tmp/ccEmMqkV.s:1418   .text.USART_OverrunDetectionConfig:00000000 USART_OverrunDetectionConfig
     /tmp/ccEmMqkV.s:1434   .text.USART_OverrunDetectionConfig:00000010 $d
ARM GAS  /tmp/ccEmMqkV.s 			page 29


     /tmp/ccEmMqkV.s:1437   .text.USART_GetFlagStatus:00000000 $t
     /tmp/ccEmMqkV.s:1444   .text.USART_GetFlagStatus:00000000 USART_GetFlagStatus
     /tmp/ccEmMqkV.s:1460   .text.USART_ClearFlag:00000000 $t
     /tmp/ccEmMqkV.s:1467   .text.USART_ClearFlag:00000000 USART_ClearFlag
     /tmp/ccEmMqkV.s:1476   .text.USART_GetITStatus:00000000 $t
     /tmp/ccEmMqkV.s:1483   .text.USART_GetITStatus:00000000 USART_GetITStatus
     /tmp/ccEmMqkV.s:1529   .text.USART_ClearITPendingBit:00000000 $t
     /tmp/ccEmMqkV.s:1536   .text.USART_ClearITPendingBit:00000000 USART_ClearITPendingBit

UNDEFINED SYMBOLS
RCC_APB2PeriphResetCmd
RCC_APB1PeriphResetCmd
__aeabi_uidiv
__aeabi_uidivmod
RCC_GetClocksFreq
