ARM GAS  /tmp/cc5CHU1l.s 			page 1


   1              		.cpu cortex-m0
   2              		.eabi_attribute 20, 1
   3              		.eabi_attribute 21, 1
   4              		.eabi_attribute 23, 3
   5              		.eabi_attribute 24, 1
   6              		.eabi_attribute 25, 1
   7              		.eabi_attribute 26, 1
   8              		.eabi_attribute 30, 1
   9              		.eabi_attribute 34, 0
  10              		.eabi_attribute 18, 4
  11              		.file	"stm32f0xx_misc.c"
  12              		.text
  13              		.section	.text.NVIC_Init,"ax",%progbits
  14              		.align	1
  15              		.global	NVIC_Init
  16              		.syntax unified
  17              		.code	16
  18              		.thumb_func
  19              		.fpu softvfp
  21              	NVIC_Init:
  22              		@ args = 0, pretend = 0, frame = 0
  23              		@ frame_needed = 0, uses_anonymous_args = 0
  24 0000 70B5     		push	{r4, r5, r6, lr}
  25 0002 8378     		ldrb	r3, [r0, #2]
  26 0004 002B     		cmp	r3, #0
  27 0006 08D1     		bne	.L4
  28 0008 0378     		ldrb	r3, [r0]
  29 000a 1F22     		movs	r2, #31
  30 000c 1A40     		ands	r2, r3
  31 000e 0123     		movs	r3, #1
  32 0010 9340     		lsls	r3, r3, r2
  33 0012 0F49     		ldr	r1, .L5
  34 0014 8022     		movs	r2, #128
  35 0016 8B50     		str	r3, [r1, r2]
  36              	.L1:
  37              		@ sp needed
  38 0018 70BD     		pop	{r4, r5, r6, pc}
  39              	.L4:
  40 001a 0378     		ldrb	r3, [r0]
  41 001c 9A08     		lsrs	r2, r3, #2
  42 001e 0C4C     		ldr	r4, .L5
  43 0020 C032     		adds	r2, r2, #192
  44 0022 9200     		lsls	r2, r2, #2
  45 0024 1559     		ldr	r5, [r2, r4]
  46 0026 0321     		movs	r1, #3
  47 0028 1940     		ands	r1, r3
  48 002a C900     		lsls	r1, r1, #3
  49 002c FF23     		movs	r3, #255
  50 002e 1E00     		movs	r6, r3
  51 0030 8E40     		lsls	r6, r6, r1
  52 0032 B543     		bics	r5, r6
  53 0034 4678     		ldrb	r6, [r0, #1]
  54 0036 B601     		lsls	r6, r6, #6
  55 0038 3340     		ands	r3, r6
  56 003a 8B40     		lsls	r3, r3, r1
  57 003c 2B43     		orrs	r3, r5
  58 003e 1351     		str	r3, [r2, r4]
ARM GAS  /tmp/cc5CHU1l.s 			page 2


  59 0040 0378     		ldrb	r3, [r0]
  60 0042 1F22     		movs	r2, #31
  61 0044 1A40     		ands	r2, r3
  62 0046 0123     		movs	r3, #1
  63 0048 9340     		lsls	r3, r3, r2
  64 004a 2360     		str	r3, [r4]
  65 004c E4E7     		b	.L1
  66              	.L6:
  67 004e C046     		.align	2
  68              	.L5:
  69 0050 00E100E0 		.word	-536813312
  71              		.section	.text.NVIC_SystemLPConfig,"ax",%progbits
  72              		.align	1
  73              		.global	NVIC_SystemLPConfig
  74              		.syntax unified
  75              		.code	16
  76              		.thumb_func
  77              		.fpu softvfp
  79              	NVIC_SystemLPConfig:
  80              		@ args = 0, pretend = 0, frame = 0
  81              		@ frame_needed = 0, uses_anonymous_args = 0
  82              		@ link register save eliminated.
  83 0000 0029     		cmp	r1, #0
  84 0002 04D1     		bne	.L10
  85 0004 044A     		ldr	r2, .L11
  86 0006 1369     		ldr	r3, [r2, #16]
  87 0008 8343     		bics	r3, r0
  88 000a 1361     		str	r3, [r2, #16]
  89              	.L7:
  90              		@ sp needed
  91 000c 7047     		bx	lr
  92              	.L10:
  93 000e 024B     		ldr	r3, .L11
  94 0010 1A69     		ldr	r2, [r3, #16]
  95 0012 1043     		orrs	r0, r2
  96 0014 1861     		str	r0, [r3, #16]
  97 0016 F9E7     		b	.L7
  98              	.L12:
  99              		.align	2
 100              	.L11:
 101 0018 00ED00E0 		.word	-536810240
 103              		.section	.text.SysTick_CLKSourceConfig,"ax",%progbits
 104              		.align	1
 105              		.global	SysTick_CLKSourceConfig
 106              		.syntax unified
 107              		.code	16
 108              		.thumb_func
 109              		.fpu softvfp
 111              	SysTick_CLKSourceConfig:
 112              		@ args = 0, pretend = 0, frame = 0
 113              		@ frame_needed = 0, uses_anonymous_args = 0
 114              		@ link register save eliminated.
 115 0000 0428     		cmp	r0, #4
 116 0002 05D0     		beq	.L16
 117 0004 054A     		ldr	r2, .L17
 118 0006 1368     		ldr	r3, [r2]
 119 0008 0421     		movs	r1, #4
ARM GAS  /tmp/cc5CHU1l.s 			page 3


 120 000a 8B43     		bics	r3, r1
 121 000c 1360     		str	r3, [r2]
 122              	.L13:
 123              		@ sp needed
 124 000e 7047     		bx	lr
 125              	.L16:
 126 0010 024A     		ldr	r2, .L17
 127 0012 1368     		ldr	r3, [r2]
 128 0014 0421     		movs	r1, #4
 129 0016 0B43     		orrs	r3, r1
 130 0018 1360     		str	r3, [r2]
 131 001a F8E7     		b	.L13
 132              	.L18:
 133              		.align	2
 134              	.L17:
 135 001c 10E000E0 		.word	-536813552
 137              		.ident	"GCC: (GNU Tools for Arm Embedded Processors 7-2018-q3-update) 7.3.1 20180622 (release) [AR
ARM GAS  /tmp/cc5CHU1l.s 			page 4


DEFINED SYMBOLS
                            *ABS*:00000000 stm32f0xx_misc.c
     /tmp/cc5CHU1l.s:14     .text.NVIC_Init:00000000 $t
     /tmp/cc5CHU1l.s:21     .text.NVIC_Init:00000000 NVIC_Init
     /tmp/cc5CHU1l.s:69     .text.NVIC_Init:00000050 $d
     /tmp/cc5CHU1l.s:72     .text.NVIC_SystemLPConfig:00000000 $t
     /tmp/cc5CHU1l.s:79     .text.NVIC_SystemLPConfig:00000000 NVIC_SystemLPConfig
     /tmp/cc5CHU1l.s:101    .text.NVIC_SystemLPConfig:00000018 $d
     /tmp/cc5CHU1l.s:104    .text.SysTick_CLKSourceConfig:00000000 $t
     /tmp/cc5CHU1l.s:111    .text.SysTick_CLKSourceConfig:00000000 SysTick_CLKSourceConfig
     /tmp/cc5CHU1l.s:135    .text.SysTick_CLKSourceConfig:0000001c $d

NO UNDEFINED SYMBOLS
